<?xml version="1.0" encoding="UTF-8"?>
<!-- Generated by org.testng.reporters.JUnitXMLReporter -->
<testsuite ignored="1" hostname="DESKTOP-MPHA53A" failures="0" tests="2" name="Default test" time="7.66" errors="0" timestamp="2024-05-24T09:34:57 GMT-06:00">
  <testcase classname="Testng_pgm.Testng_priority" name="launch" time="6.656"/>
  <testcase classname="Testng_pgm.Testng_priority" name="verify" time="0.464"/>
  <testcase classname="Testng_pgm.Testng_priority" name="search" time="0.0">
    <ignored/>
  </testcase> <!-- search -->
</testsuite> <!-- Default test -->
