<?xml version="1.0" encoding="UTF-8"?>
<testng-results ignored="1" total="3" passed="2" failed="0" skipped="0">
  <reporter-output>
  </reporter-output>
  <suite started-at="2024-05-24T09:34:49 GMT-06:00" name="Default suite" finished-at="2024-05-24T09:34:57 GMT-06:00" duration-ms="7660">
    <groups>
    </groups>
    <test started-at="2024-05-24T09:34:49 GMT-06:00" name="Default test" finished-at="2024-05-24T09:34:57 GMT-06:00" duration-ms="7660">
      <class name="Testng_pgm.Testng_priority">
        <test-method signature="launch()[pri:1, instance:Testng_pgm.Testng_priority@1e1a0406]" started-at="2024-05-24T09:34:49 GMT-06:00" name="launch" finished-at="2024-05-24T09:34:56 GMT-06:00" duration-ms="6656" status="PASS">
          <reporter-output>
          </reporter-output>
        </test-method> <!-- launch -->
        <test-method signature="verify()[pri:2, instance:Testng_pgm.Testng_priority@1e1a0406]" started-at="2024-05-24T09:34:56 GMT-06:00" name="verify" finished-at="2024-05-24T09:34:56 GMT-06:00" duration-ms="464" status="PASS">
          <reporter-output>
          </reporter-output>
        </test-method> <!-- verify -->
        <test-method is-config="true" signature="close()[pri:0, instance:Testng_pgm.Testng_priority@1e1a0406]" started-at="2024-05-24T09:34:56 GMT-06:00" name="close" description="close the driver" finished-at="2024-05-24T09:34:57 GMT-06:00" duration-ms="449" status="PASS">
          <reporter-output>
          </reporter-output>
        </test-method> <!-- close -->
      </class> <!-- Testng_pgm.Testng_priority -->
    </test> <!-- Default test -->
  </suite> <!-- Default suite -->
</testng-results>
